<?xml version="1.0" encoding="UTF-8"?>
<testng-results ignored="0" total="1" passed="1" failed="0" skipped="0">
  <reporter-output>
  </reporter-output>
  <suite started-at="2024-07-15T16:07:45 IST" name="Suite" finished-at="2024-07-15T16:07:45 IST" duration-ms="180">
    <groups>
    </groups>
    <test started-at="2024-07-15T16:07:45 IST" name="Test" finished-at="2024-07-15T16:07:45 IST" duration-ms="180">
      <class name="channa.Reddy">
        <test-method signature="Channa()[pri:0, instance:channa.Reddy@f5958c9]" started-at="2024-07-15T16:07:45 IST" name="Channa" finished-at="2024-07-15T16:07:45 IST" duration-ms="35" status="PASS">
          <reporter-output>
          </reporter-output>
        </test-method> <!-- Channa -->
      </class> <!-- channa.Reddy -->
    </test> <!-- Test -->
  </suite> <!-- Suite -->
</testng-results>
